<?xml version="1.0" encoding="UTF-8"?>
<!-- Generated by org.testng.reporters.JUnitReportReporter -->
<testsuite skipped="0" hostname="QHBJ4L13" name="com.aspire.tests.ProblemTestCase" tests="3" failures="0" timestamp="2022-04-25T11:52:08 IST" time="225.409" errors="0">
  <testcase name="RunEndtoEndTestCase" time="74.059" classname="com.aspire.tests.ProblemTestCase"/>
  <system-out/>
  <testcase name="RunEndtoEndTestCase" time="74.000" classname="com.aspire.tests.ProblemTestCase"/>
  <system-out/>
  <testcase name="RunEndtoEndTestCase" time="77.350" classname="com.aspire.tests.ProblemTestCase"/>
  <system-out/>
</testsuite> <!-- com.aspire.tests.ProblemTestCase -->
